# JRE version: OpenJDK Runtime Environment Corretto-20.0.2.10.1 (20.0.2.1+10) (build 20.0.2.1+10-FR)
# Java VM: OpenJDK 64-Bit Server VM Corretto-20.0.2.10.1 (20.0.2.1+10-FR, mixed mode, emulated-client, sharing, tiered, compressed oops, compressed class ptrs, g1 gc, windows-amd64)
GC Precious Log:
 CardTable entry size: 512
 Card Set container configuration: InlinePtr #cards 5 size 8 Array Of Cards #cards 12 size 40 Howl #buckets 4 coarsen threshold 1843 Howl Bitmap #cards 512 size 80 coarsen threshold 460 Card regions per heap region 1 cards per card region 2048
 CPUs: 12 total, 12 available
 Memory: 7521M
 Large Page Support: Disabled
 NUMA Support: Disabled
 Compressed Oops: Enabled (32-bit)
 Heap Region Size: 1M
 Heap Min Capacity: 8M
 Heap Initial Capacity: 118M
 Heap Max Capacity: 1882M
 Pre-touch: Disabled
 Parallel Workers: 10
 Concurrent Workers: 3
 Concurrent Refinement Workers: 10
 Periodic GC: Disabled
Heap:
 garbage-first heap   total 70656K, used 62712K [0x000000008a600000, 0x0000000100000000)
  region size 1024K, 25 young (25600K), 2 survivors (2048K)
 Metaspace       used 83230K, committed 83968K, reserved 1179648K
  class space    used 11802K, committed 12160K, reserved 1048576K
GC Heap History (20 events):
Event: 3.775 GC heap after
{Heap after GC invocations=11 (full 0):
 garbage-first heap   total 70656K, used 27728K [0x000000008a600000, 0x0000000100000000)
  region size 1024K, 4 young (4096K), 4 survivors (4096K)
 Metaspace       used 53356K, committed 54016K, reserved 1114112K
  class space    used 7538K, committed 7808K, reserved 1048576K
}
Event: 4.439 GC heap before
{Heap before GC invocations=11 (full 0):
 garbage-first heap   total 70656K, used 61520K [0x000000008a600000, 0x0000000100000000)
  region size 1024K, 37 young (37888K), 4 survivors (4096K)
 Metaspace       used 59369K, committed 60096K, reserved 1114112K
  class space    used 8419K, committed 8704K, reserved 1048576K
}
Event: 4.442 GC heap after
{Heap after GC invocations=12 (full 0):
 garbage-first heap   total 70656K, used 29570K [0x000000008a600000, 0x0000000100000000)
  region size 1024K, 4 young (4096K), 4 survivors (4096K)
 Metaspace       used 59369K, committed 60096K, reserved 1114112K
  class space    used 8419K, committed 8704K, reserved 1048576K
}
Event: 4.469 GC heap before
{Heap before GC invocations=12 (full 0):
 garbage-first heap   total 70656K, used 30594K [0x000000008a600000, 0x0000000100000000)
  region size 1024K, 6 young (6144K), 4 survivors (4096K)
 Metaspace       used 59795K, committed 60480K, reserved 1114112K
  class space    used 8465K, committed 8768K, reserved 1048576K
}
Event: 4.471 GC heap after
{Heap after GC invocations=13 (full 0):
 garbage-first heap   total 70656K, used 30139K [0x000000008a600000, 0x0000000100000000)
  region size 1024K, 3 young (3072K), 3 survivors (3072K)
 Metaspace       used 59795K, committed 60480K, reserved 1114112K
  class space    used 8465K, committed 8768K, reserved 1048576K
}
Event: 4.859 GC heap before
{Heap before GC invocations=14 (full 0):
 garbage-first heap   total 70656K, used 60859K [0x000000008a600000, 0x0000000100000000)
  region size 1024K, 33 young (33792K), 3 survivors (3072K)
 Metaspace       used 64207K, committed 65024K, reserved 1114112K
  class space    used 9181K, committed 9536K, reserved 1048576K
}
Event: 4.861 GC heap after
{Heap after GC invocations=15 (full 0):
 garbage-first heap   total 70656K, used 32527K [0x000000008a600000, 0x0000000100000000)
  region size 1024K, 5 young (5120K), 5 survivors (5120K)
 Metaspace       used 64207K, committed 65024K, reserved 1114112K
  class space    used 9181K, committed 9536K, reserved 1048576K
}
Event: 5.199 GC heap before
{Heap before GC invocations=15 (full 0):
 garbage-first heap   total 70656K, used 61199K [0x000000008a600000, 0x0000000100000000)
  region size 1024K, 33 young (33792K), 5 survivors (5120K)
 Metaspace       used 68004K, committed 68800K, reserved 1114112K
  class space    used 9727K, committed 10112K, reserved 1048576K
}
Event: 5.203 GC heap after
{Heap after GC invocations=16 (full 0):
 garbage-first heap   total 70656K, used 34666K [0x000000008a600000, 0x0000000100000000)
  region size 1024K, 5 young (5120K), 5 survivors (5120K)
 Metaspace       used 68004K, committed 68800K, reserved 1114112K
  class space    used 9727K, committed 10112K, reserved 1048576K
}
Event: 39.264 GC heap before
{Heap before GC invocations=16 (full 0):
 garbage-first heap   total 70656K, used 60266K [0x000000008a600000, 0x0000000100000000)
  region size 1024K, 31 young (31744K), 5 survivors (5120K)
 Metaspace       used 72307K, committed 73216K, reserved 1114112K
  class space    used 10384K, committed 10816K, reserved 1048576K
}
Event: 39.268 GC heap after
{Heap after GC invocations=17 (full 0):
 garbage-first heap   total 70656K, used 36888K [0x000000008a600000, 0x0000000100000000)
  region size 1024K, 3 young (3072K), 3 survivors (3072K)
 Metaspace       used 72307K, committed 73216K, reserved 1114112K
  class space    used 10384K, committed 10816K, reserved 1048576K
}
Event: 330.473 GC heap before
{Heap before GC invocations=17 (full 0):
 garbage-first heap   total 70656K, used 61464K [0x000000008a600000, 0x0000000100000000)
  region size 1024K, 28 young (28672K), 3 survivors (3072K)
 Metaspace       used 76555K, committed 77504K, reserved 1179648K
  class space    used 10959K, committed 11392K, reserved 1048576K
}
Event: 330.498 GC heap after
{Heap after GC invocations=18 (full 0):
 garbage-first heap   total 70656K, used 38270K [0x000000008a600000, 0x0000000100000000)
  region size 1024K, 2 young (2048K), 2 survivors (2048K)
 Metaspace       used 76555K, committed 77504K, reserved 1179648K
  class space    used 10959K, committed 11392K, reserved 1048576K
}
Event: 843.067 GC heap before
{Heap before GC invocations=19 (full 0):
 garbage-first heap   total 70656K, used 62846K [0x000000008a600000, 0x0000000100000000)
  region size 1024K, 27 young (27648K), 2 survivors (2048K)
 Metaspace       used 77266K, committed 78144K, reserved 1179648K
  class space    used 11071K, committed 11520K, reserved 1048576K
}
Event: 843.096 GC heap after
{Heap after GC invocations=20 (full 0):
 garbage-first heap   total 70656K, used 38778K [0x000000008a600000, 0x0000000100000000)
  region size 1024K, 2 young (2048K), 2 survivors (2048K)
 Metaspace       used 77266K, committed 78144K, reserved 1179648K
  class space    used 11071K, committed 11520K, reserved 1048576K
}
Event: 1160.557 GC heap before
{Heap before GC invocations=20 (full 0):
 garbage-first heap   total 70656K, used 51066K [0x000000008a600000, 0x0000000100000000)
  region size 1024K, 15 young (15360K), 2 survivors (2048K)
 Metaspace       used 77321K, committed 78144K, reserved 1179648K
  class space    used 11084K, committed 11520K, reserved 1048576K
}
Event: 1160.582 GC heap after
{Heap after GC invocations=21 (full 0):
 garbage-first heap   total 70656K, used 38534K [0x000000008a600000, 0x0000000100000000)
  region size 1024K, 2 young (2048K), 2 survivors (2048K)
 Metaspace       used 77321K, committed 78144K, reserved 1179648K
  class space    used 11084K, committed 11520K, reserved 1048576K
}
Event: 1574.659 GC heap before
{Heap before GC invocations=22 (full 0):
 garbage-first heap   total 70656K, used 63110K [0x000000008a600000, 0x0000000100000000)
  region size 1024K, 27 young (27648K), 2 survivors (2048K)
 Metaspace       used 78590K, committed 79360K, reserved 1179648K
  class space    used 11271K, committed 11584K, reserved 1048576K
}
Event: 1574.679 GC heap after
{Heap after GC invocations=23 (full 0):
 garbage-first heap   total 70656K, used 39160K [0x000000008a600000, 0x0000000100000000)
  region size 1024K, 3 young (3072K), 3 survivors (3072K)
 Metaspace       used 78590K, committed 79360K, reserved 1179648K
  class space    used 11271K, committed 11584K, reserved 1048576K
}
Event: 1765.273 GC heap before
{Heap before GC invocations=23 (full 0):
 garbage-first heap   total 70656K, used 61688K [0x000000008a600000, 0x0000000100000000)
  region size 1024K, 26 young (26624K), 3 survivors (3072K)
 Metaspace       used 83230K, committed 83968K, reserved 1179648K
  class space    used 11802K, committed 12160K, reserved 1048576K
}

